{
  "RSpec": {
    "coverage": {
      "/home/ubuntu/workspace/Fork_Friendly_app-master/spec/spec_helper.rb": [
        null,
        null,
        null,
        null,
        null,
        null,
        null,
        null,
        null,
        null,
        null,
        null,
        null,
        null,
        null,
        1,
        1,
        1,
        1,
        null,
        1,
        null,
        null,
        null,
        1,
        1,
        null,
        null,
        null,
        null,
        null,
        null,
        null,
        null,
        1,
        null,
        null,
        null,
        null,
        1,
        null,
        null,
        null,
        1,
        null,
        null,
        null,
        null,
        null,
        null,
        null,
        1,
        null,
        null,
        null,
        null,
        null,
        null,
        null,
        null,
        null,
        null,
        null,
        null,
        null,
        null,
        null,
        null,
        null,
        null,
        null,
        null,
        null,
        null,
        null,
        null,
        null,
        null,
        null,
        null,
        null,
        null,
        null,
        null,
        null,
        null,
        null,
        null,
        null,
        null,
        null,
        null,
        null,
        null,
        null,
        null,
        null,
        null,
        null,
        null,
        null,
        null,
        null
      ],
      "/home/ubuntu/workspace/Fork_Friendly_app-master/config/environment.rb": [
        null,
        null,
        null,
        1,
        null,
        null,
        1
      ],
      "/home/ubuntu/workspace/Fork_Friendly_app-master/config/application.rb": [
        1,
        1,
        1,
        null,
        null,
        null,
        1,
        null,
        1,
        1,
        null,
        null,
        null,
        null,
        null,
        null,
        null,
        null,
        null,
        null,
        null,
        null,
        1,
        null,
        null,
        1,
        1,
        null,
        null,
        null,
        null,
        null,
        null,
        null,
        1,
        null,
        null,
        1,
        null,
        null
      ],
      "/home/ubuntu/workspace/Fork_Friendly_app-master/config/boot.rb": [
        1,
        null,
        1
      ],
      "/home/ubuntu/workspace/Fork_Friendly_app-master/config/environments/test.rb": [
        1,
        null,
        null,
        null,
        null,
        null,
        null,
        1,
        null,
        null,
        null,
        null,
        1,
        null,
        null,
        1,
        1,
        null,
        null,
        null,
        null,
        1,
        1,
        null,
        null,
        1,
        null,
        null,
        1,
        1,
        null,
        null,
        null,
        null,
        1,
        null,
        null,
        1,
        null,
        null,
        1,
        null,
        null,
        null,
        null
      ],
      "/home/ubuntu/workspace/Fork_Friendly_app-master/config/initializers/application_controller_renderer.rb": [
        null,
        null,
        null,
        null,
        null,
        null,
        null,
        null
      ],
      "/home/ubuntu/workspace/Fork_Friendly_app-master/config/initializers/assets.rb": [
        null,
        null,
        null,
        1,
        null,
        null,
        null,
        null,
        1,
        null,
        null,
        null,
        null,
        null
      ],
      "/home/ubuntu/workspace/Fork_Friendly_app-master/config/initializers/backtrace_silencers.rb": [
        null,
        null,
        null,
        null,
        null,
        null,
        null
      ],
      "/home/ubuntu/workspace/Fork_Friendly_app-master/config/initializers/cookies_serializer.rb": [
        null,
        null,
        null,
        null,
        1
      ],
      "/home/ubuntu/workspace/Fork_Friendly_app-master/config/initializers/filter_parameter_logging.rb": [
        null,
        null,
        null,
        1
      ],
      "/home/ubuntu/workspace/Fork_Friendly_app-master/config/initializers/inflections.rb": [
        null,
        null,
        null,
        null,
        null,
        null,
        null,
        null,
        null,
        null,
        null,
        null,
        null,
        null,
        null,
        null
      ],
      "/home/ubuntu/workspace/Fork_Friendly_app-master/config/initializers/mime_types.rb": [
        null,
        null,
        null,
        null
      ],
      "/home/ubuntu/workspace/Fork_Friendly_app-master/config/initializers/wrap_parameters.rb": [
        null,
        null,
        null,
        null,
        null,
        null,
        1,
        2,
        null,
        null,
        null,
        null,
        null,
        null
      ],
      "/home/ubuntu/workspace/Fork_Friendly_app-master/spec/factories/health_concerns.rb": [
        1,
        1,
        1,
        1,
        1,
        1,
        1,
        null,
        null,
        null,
        null
      ],
      "/home/ubuntu/workspace/Fork_Friendly_app-master/spec/factories/health_concerns_maps.rb": [
        1,
        1,
        null,
        null,
        null
      ],
      "/home/ubuntu/workspace/Fork_Friendly_app-master/spec/factories/meals.rb": [
        1,
        1,
        null,
        null,
        null
      ],
      "/home/ubuntu/workspace/Fork_Friendly_app-master/spec/factories/product_categories.rb": [
        1,
        1,
        null,
        null,
        null
      ],
      "/home/ubuntu/workspace/Fork_Friendly_app-master/spec/factories/product_lines.rb": [
        1,
        1,
        1,
        null,
        null
      ],
      "/home/ubuntu/workspace/Fork_Friendly_app-master/spec/factories/products.rb": [
        1,
        1,
        null,
        null,
        null
      ],
      "/home/ubuntu/workspace/Fork_Friendly_app-master/spec/factories/user_carts.rb": [
        1,
        1,
        null,
        null,
        null
      ],
      "/home/ubuntu/workspace/Fork_Friendly_app-master/spec/factories/users.rb": [
        1,
        1,
        1,
        1,
        1,
        1,
        1,
        1,
        1,
        1,
        null,
        1,
        1,
        null,
        null,
        null,
        null
      ],
      "/home/ubuntu/workspace/Fork_Friendly_app-master/config/routes.rb": [
        1,
        1,
        1,
        null,
        1,
        1,
        1,
        null,
        1,
        null,
        1,
        1,
        1,
        1,
        null,
        1,
        1,
        2,
        null,
        null,
        1,
        1,
        2,
        null,
        null,
        1,
        1,
        null,
        1,
        1,
        1,
        1,
        1,
        1,
        1,
        1,
        null,
        null
      ],
      "/home/ubuntu/workspace/Fork_Friendly_app-master/app/helpers/application_helper.rb": [
        1,
        null
      ],
      "/home/ubuntu/workspace/Fork_Friendly_app-master/app/helpers/errors_helper.rb": [
        1,
        null
      ],
      "/home/ubuntu/workspace/Fork_Friendly_app-master/app/helpers/errors_controller_helper.rb": [
        1,
        null
      ],
      "/home/ubuntu/workspace/Fork_Friendly_app-master/app/helpers/health_concerns_helper.rb": [
        1,
        null
      ],
      "/home/ubuntu/workspace/Fork_Friendly_app-master/app/helpers/product_lines_helper.rb": [
        1,
        null
      ],
      "/home/ubuntu/workspace/Fork_Friendly_app-master/app/helpers/sessions_helper.rb": [
        1,
        null,
        1,
        0,
        null,
        1,
        14,
        null,
        1,
        4,
        null,
        null,
        1,
        0,
        0,
        null,
        null,
        1,
        0,
        null,
        null,
        null,
        1,
        0,
        0,
        null,
        null,
        null,
        1,
        0,
        null,
        null
      ],
      "/home/ubuntu/workspace/Fork_Friendly_app-master/app/helpers/users_helper.rb": [
        1,
        null
      ],
      "/home/ubuntu/workspace/Fork_Friendly_app-master/app/helpers/users_controller_spec_helper.rb": [
        1,
        null
      ],
      "/home/ubuntu/workspace/Fork_Friendly_app-master/app/controllers/health_concerns_controller.rb": [
        1,
        null,
        1,
        1,
        1,
        1,
        null,
        null,
        null,
        1,
        null,
        null,
        null,
        1,
        1,
        null,
        null,
        1,
        null,
        1,
        1,
        1,
        null,
        null,
        null,
        1,
        null,
        1,
        1,
        1,
        1,
        1,
        null,
        null,
        null,
        1,
        1,
        1,
        1,
        1,
        1,
        1,
        1,
        1,
        1,
        1,
        1,
        1,
        1,
        null,
        1,
        1,
        1,
        1,
        1,
        1,
        1,
        null,
        1,
        null,
        null,
        1,
        2,
        2,
        2,
        2,
        2,
        2,
        10,
        10,
        null,
        2,
        null,
        null,
        1,
        5,
        5,
        5,
        5,
        null,
        0,
        0,
        null,
        5,
        5,
        5,
        5,
        5,
        5,
        5,
        5,
        5,
        5,
        5,
        5,
        5,
        5,
        5,
        5,
        5,
        5,
        5,
        5,
        5,
        5,
        5,
        5,
        5,
        5,
        5,
        1,
        4,
        1,
        3,
        1,
        2,
        1,
        1,
        1,
        null,
        5,
        5,
        5,
        11,
        5,
        5,
        6,
        6,
        6,
        6,
        6,
        6,
        6,
        6,
        6,
        6,
        6,
        6,
        6,
        6,
        6,
        6,
        6,
        6,
        6,
        6,
        6,
        6,
        6,
        6,
        null,
        5,
        null,
        null,
        null,
        1,
        null,
        null,
        1,
        2,
        2,
        0,
        0,
        0,
        null,
        2,
        2,
        null,
        null,
        null,
        1,
        1,
        null,
        null,
        1,
        0,
        0,
        0,
        0,
        0,
        null,
        0,
        0,
        null,
        null,
        null,
        1,
        1,
        4,
        0,
        0,
        0,
        null,
        null,
        null,
        1,
        null,
        0,
        null,
        null
      ],
      "/home/ubuntu/workspace/Fork_Friendly_app-master/app/controllers/application_controller.rb": [
        1,
        1,
        1,
        null
      ],
      "/home/ubuntu/workspace/Fork_Friendly_app-master/db/seeds.rb": [
        null,
        null,
        null,
        null,
        null,
        null,
        null,
        null,
        1,
        1,
        1,
        1,
        1,
        null,
        null,
        null,
        null,
        1,
        1,
        1,
        1,
        1,
        null,
        1,
        1,
        1,
        1,
        null,
        1,
        1,
        1,
        1,
        null,
        1,
        1,
        1,
        1,
        null,
        1,
        1,
        1,
        1,
        null,
        1,
        1,
        null,
        null,
        null
      ],
      "/home/ubuntu/workspace/Fork_Friendly_app-master/app/models/user.rb": [
        1,
        1,
        1,
        null,
        1,
        70,
        null,
        1,
        1,
        1,
        1,
        null,
        null,
        null,
        1,
        1,
        null
      ],
      "/home/ubuntu/workspace/Fork_Friendly_app-master/app/models/application_record.rb": [
        1,
        1,
        null
      ],
      "/home/ubuntu/workspace/Fork_Friendly_app-master/app/models/product_line.rb": [
        1,
        1,
        null,
        1,
        null,
        0,
        0,
        null,
        0,
        null,
        0,
        null,
        null,
        0,
        0,
        0,
        0,
        null,
        0,
        0,
        0,
        null,
        0,
        null,
        0,
        0,
        0,
        0,
        0,
        0,
        0,
        0,
        0,
        null,
        0,
        null,
        0,
        null,
        0,
        0,
        0,
        0,
        0,
        0,
        0,
        null,
        0,
        null,
        0,
        0,
        0,
        null,
        null,
        null,
        null,
        0,
        0,
        0,
        0,
        null,
        null,
        null,
        0,
        null,
        0,
        0,
        null,
        0,
        null,
        null,
        null,
        0,
        null,
        null,
        null,
        null,
        1,
        0,
        0,
        null,
        0,
        0,
        0,
        null,
        null,
        null,
        1,
        null,
        null,
        null
      ],
      "/home/ubuntu/workspace/Fork_Friendly_app-master/app/models/product_category.rb": [
        1,
        1,
        1,
        1,
        null
      ],
      "/home/ubuntu/workspace/Fork_Friendly_app-master/app/models/product.rb": [
        1,
        1,
        1,
        null
      ],
      "/home/ubuntu/workspace/Fork_Friendly_app-master/app/models/health_concern.rb": [
        1,
        1,
        1,
        null,
        2,
        2,
        2,
        2,
        0,
        null,
        2,
        null,
        null,
        null,
        null
      ],
      "/home/ubuntu/workspace/Fork_Friendly_app-master/app/models/health_concern_map.rb": [
        1,
        1,
        null,
        1,
        0,
        0,
        0,
        0,
        null,
        0,
        0,
        0,
        0,
        0,
        0,
        0,
        null,
        0,
        null,
        null,
        null,
        null,
        null,
        1,
        0,
        0,
        null,
        0,
        0,
        0,
        null,
        null,
        null,
        1,
        null,
        null,
        null
      ],
      "/home/ubuntu/workspace/Fork_Friendly_app-master/app/models/user_cart.rb": [
        1,
        1,
        1,
        null,
        1,
        null,
        1,
        1,
        1,
        null,
        null,
        null,
        null,
        null
      ]
    },
    "timestamp": 1511046812
  }
}
